=== SAHI conf sweep (test, 60 large imgs) ===
----- conf=0.25 -----

== test: 60 large images ==
mode       recall  precision     TP     FP     FN
full        0.920      0.615    402    252     35
sliced      0.945      0.524    413    375     24
----- conf=0.35 -----

== test: 60 large images ==
mode       recall  precision     TP     FP     FN
full        0.815      0.669    356    176     81
sliced      0.881      0.605    385    251     52
----- conf=0.45 -----

== test: 60 large images ==
mode       recall  precision     TP     FP     FN
full        0.684      0.747    299    101    138
sliced      0.815      0.724    356    136     81
----- conf=0.55 -----

== test: 60 large images ==
mode       recall  precision     TP     FP     FN
full        0.540      0.787    236     64    201
sliced      0.737      0.799    322     81    115
DONE_SWEEP
